[2024-11-22T19:01:45.206+0000] {manager.py:483} INFO - Processing files using up to 2 processes at a time 
[2024-11-22T19:01:45.206+0000] {manager.py:484} INFO - Process each file at most once every 30 seconds
[2024-11-22T19:01:45.207+0000] {manager.py:485} INFO - Checking for new files in /opt/airflow/dags every 300 seconds
[2024-11-22T19:01:45.207+0000] {manager.py:821} INFO - Searching for files in /opt/airflow/dags
[2024-11-22T19:01:45.208+0000] {manager.py:824} INFO - There are 0 files in /opt/airflow/dags
[2024-11-22T19:06:45.584+0000] {manager.py:821} INFO - Searching for files in /opt/airflow/dags
[2024-11-22T19:06:45.585+0000] {manager.py:824} INFO - There are 0 files in /opt/airflow/dags
[2024-11-22T19:11:45.972+0000] {manager.py:821} INFO - Searching for files in /opt/airflow/dags
[2024-11-22T19:11:45.973+0000] {manager.py:824} INFO - There are 0 files in /opt/airflow/dags
[2024-11-22T19:16:46.320+0000] {manager.py:821} INFO - Searching for files in /opt/airflow/dags
[2024-11-22T19:16:46.321+0000] {manager.py:824} INFO - There are 0 files in /opt/airflow/dags
[2024-11-22T19:21:46.694+0000] {manager.py:821} INFO - Searching for files in /opt/airflow/dags
[2024-11-22T19:21:46.695+0000] {manager.py:824} INFO - There are 0 files in /opt/airflow/dags
[2024-11-22T19:26:47.061+0000] {manager.py:821} INFO - Searching for files in /opt/airflow/dags
[2024-11-22T19:26:47.061+0000] {manager.py:824} INFO - There are 0 files in /opt/airflow/dags
[2024-11-23T09:34:03.260+0000] {manager.py:483} INFO - Processing files using up to 2 processes at a time 
[2024-11-23T09:34:03.277+0000] {manager.py:484} INFO - Process each file at most once every 30 seconds
[2024-11-23T09:34:03.280+0000] {manager.py:485} INFO - Checking for new files in /opt/airflow/dags every 300 seconds
[2024-11-23T09:34:03.294+0000] {manager.py:821} INFO - Searching for files in /opt/airflow/dags
[2024-11-23T09:34:03.295+0000] {manager.py:824} INFO - There are 0 files in /opt/airflow/dags
[2024-11-23T09:39:04.181+0000] {manager.py:821} INFO - Searching for files in /opt/airflow/dags
[2024-11-23T09:39:04.189+0000] {manager.py:824} INFO - There are 0 files in /opt/airflow/dags
[2024-11-23T09:44:04.664+0000] {manager.py:821} INFO - Searching for files in /opt/airflow/dags
[2024-11-23T09:44:04.664+0000] {manager.py:824} INFO - There are 0 files in /opt/airflow/dags
[2024-11-23T09:47:00.480+0000] {manager.py:465} INFO - Exiting gracefully upon receiving signal 15
[2024-11-23T09:51:37.749+0000] {manager.py:483} INFO - Processing files using up to 2 processes at a time 
[2024-11-23T09:51:37.750+0000] {manager.py:484} INFO - Process each file at most once every 30 seconds
[2024-11-23T09:51:37.750+0000] {manager.py:485} INFO - Checking for new files in /opt/airflow/dags every 300 seconds
[2024-11-23T09:51:37.751+0000] {manager.py:821} INFO - Searching for files in /opt/airflow/dags
[2024-11-23T09:51:37.752+0000] {manager.py:824} INFO - There are 0 files in /opt/airflow/dags
[2024-11-23T09:56:16.095+0000] {manager.py:465} INFO - Exiting gracefully upon receiving signal 15
[2024-11-23T09:57:44.100+0000] {manager.py:483} INFO - Processing files using up to 2 processes at a time 
[2024-11-23T09:57:44.106+0000] {manager.py:484} INFO - Process each file at most once every 30 seconds
[2024-11-23T09:57:44.107+0000] {manager.py:485} INFO - Checking for new files in /opt/airflow/dags every 300 seconds
[2024-11-23T09:57:44.112+0000] {manager.py:821} INFO - Searching for files in /opt/airflow/dags
[2024-11-23T09:57:44.113+0000] {manager.py:824} INFO - There are 0 files in /opt/airflow/dags
[2024-11-23T09:59:33.853+0000] {manager.py:465} INFO - Exiting gracefully upon receiving signal 15
[2024-11-23T10:00:53.986+0000] {manager.py:483} INFO - Processing files using up to 2 processes at a time 
[2024-11-23T10:00:54.067+0000] {manager.py:484} INFO - Process each file at most once every 30 seconds
[2024-11-23T10:00:54.069+0000] {manager.py:485} INFO - Checking for new files in /opt/airflow/dags every 300 seconds
[2024-11-23T10:00:54.069+0000] {manager.py:821} INFO - Searching for files in /opt/airflow/dags
[2024-11-23T10:00:54.074+0000] {manager.py:824} INFO - There are 0 files in /opt/airflow/dags
[2024-11-23T10:05:54.577+0000] {manager.py:821} INFO - Searching for files in /opt/airflow/dags
[2024-11-23T10:05:54.579+0000] {manager.py:824} INFO - There are 0 files in /opt/airflow/dags
[2024-11-23T10:06:13.523+0000] {manager.py:465} INFO - Exiting gracefully upon receiving signal 15
